running egg_info
creating ../../build/broverette_description/broverette_description.egg-info
writing ../../build/broverette_description/broverette_description.egg-info/PKG-INFO
writing dependency_links to ../../build/broverette_description/broverette_description.egg-info/dependency_links.txt
writing entry points to ../../build/broverette_description/broverette_description.egg-info/entry_points.txt
writing requirements to ../../build/broverette_description/broverette_description.egg-info/requires.txt
writing top-level names to ../../build/broverette_description/broverette_description.egg-info/top_level.txt
writing manifest file '../../build/broverette_description/broverette_description.egg-info/SOURCES.txt'
reading manifest file '../../build/broverette_description/broverette_description.egg-info/SOURCES.txt'
writing manifest file '../../build/broverette_description/broverette_description.egg-info/SOURCES.txt'
running build
running build_py
creating /home/beto/broverette_nav2_ws/build/broverette_description/build
creating /home/beto/broverette_nav2_ws/build/broverette_description/build/lib
creating /home/beto/broverette_nav2_ws/build/broverette_description/build/lib/broverette_description
copying broverette_description/__init__.py -> /home/beto/broverette_nav2_ws/build/broverette_description/build/lib/broverette_description
running install
running install_lib
creating /home/beto/broverette_nav2_ws/install/broverette_description/lib/python3.10/site-packages/broverette_description
copying /home/beto/broverette_nav2_ws/build/broverette_description/build/lib/broverette_description/__init__.py -> /home/beto/broverette_nav2_ws/install/broverette_description/lib/python3.10/site-packages/broverette_description
byte-compiling /home/beto/broverette_nav2_ws/install/broverette_description/lib/python3.10/site-packages/broverette_description/__init__.py to __init__.cpython-310.pyc
running install_data
creating /home/beto/broverette_nav2_ws/install/broverette_description/share/ament_index
creating /home/beto/broverette_nav2_ws/install/broverette_description/share/ament_index/resource_index
creating /home/beto/broverette_nav2_ws/install/broverette_description/share/ament_index/resource_index/packages
copying resource/broverette_description -> /home/beto/broverette_nav2_ws/install/broverette_description/share/ament_index/resource_index/packages
copying package.xml -> /home/beto/broverette_nav2_ws/install/broverette_description/share/broverette_description
creating /home/beto/broverette_nav2_ws/install/broverette_description/share/broverette_description/launch
creating /home/beto/broverette_nav2_ws/install/broverette_description/share/broverette_description/urdf
copying urdf/broverette.xacro -> /home/beto/broverette_nav2_ws/install/broverette_description/share/broverette_description/urdf
copying urdf/broverette.urdf -> /home/beto/broverette_nav2_ws/install/broverette_description/share/broverette_description/urdf
creating /home/beto/broverette_nav2_ws/install/broverette_description/share/broverette_description/meshes
copying meshes/base_link_X3.STL -> /home/beto/broverette_nav2_ws/install/broverette_description/share/broverette_description/meshes
copying meshes/front_right_steer.STL -> /home/beto/broverette_nav2_ws/install/broverette_description/share/broverette_description/meshes
copying meshes/front_left_wheel.STL -> /home/beto/broverette_nav2_ws/install/broverette_description/share/broverette_description/meshes
copying meshes/front_right_wheel.STL -> /home/beto/broverette_nav2_ws/install/broverette_description/share/broverette_description/meshes
copying meshes/front_right_wheel_X3.STL -> /home/beto/broverette_nav2_ws/install/broverette_description/share/broverette_description/meshes
copying meshes/camera_link_R2.STL -> /home/beto/broverette_nav2_ws/install/broverette_description/share/broverette_description/meshes
copying meshes/front_left_wheel_X3.STL -> /home/beto/broverette_nav2_ws/install/broverette_description/share/broverette_description/meshes
copying meshes/laser_link.STL -> /home/beto/broverette_nav2_ws/install/broverette_description/share/broverette_description/meshes
copying meshes/back_right_link.STL -> /home/beto/broverette_nav2_ws/install/broverette_description/share/broverette_description/meshes
copying meshes/laser_link_R2.STL -> /home/beto/broverette_nav2_ws/install/broverette_description/share/broverette_description/meshes
copying meshes/camera_link.STL -> /home/beto/broverette_nav2_ws/install/broverette_description/share/broverette_description/meshes
copying meshes/back_right_wheel_X3.STL -> /home/beto/broverette_nav2_ws/install/broverette_description/share/broverette_description/meshes
copying meshes/front_left_steer.STL -> /home/beto/broverette_nav2_ws/install/broverette_description/share/broverette_description/meshes
copying meshes/back_left_wheel_X3.STL -> /home/beto/broverette_nav2_ws/install/broverette_description/share/broverette_description/meshes
copying meshes/base_link.STL -> /home/beto/broverette_nav2_ws/install/broverette_description/share/broverette_description/meshes
copying meshes/back_left_link.STL -> /home/beto/broverette_nav2_ws/install/broverette_description/share/broverette_description/meshes
creating /home/beto/broverette_nav2_ws/install/broverette_description/share/broverette_description/rviz
copying rviz/broverette.rviz -> /home/beto/broverette_nav2_ws/install/broverette_description/share/broverette_description/rviz
running install_egg_info
Copying ../../build/broverette_description/broverette_description.egg-info to /home/beto/broverette_nav2_ws/install/broverette_description/lib/python3.10/site-packages/broverette_description-0.0.0-py3.10.egg-info
running install_scripts
writing list of installed files to '/home/beto/broverette_nav2_ws/build/broverette_description/install.log'
