[1.547s] Invoking command in '/home/beto/broverette_nav2_ws/src/broverette_description': PYTHONPATH=/home/beto/broverette_nav2_ws/build/broverette_description/prefix_override:/usr/lib/python3/dist-packages/colcon_core/task/python/colcon_distutils_commands:/home/beto/broverette_nav2_ws/install/broverette_description/lib/python3.10/site-packages:${PYTHONPATH} /usr/bin/python3 -W ignore:setup.py install is deprecated setup.py egg_info --egg-base ../../build/broverette_description build --build-base /home/beto/broverette_nav2_ws/build/broverette_description/build install --record /home/beto/broverette_nav2_ws/build/broverette_description/install.log --single-version-externally-managed install_data
[1.725s] running egg_info
[1.725s] creating ../../build/broverette_description/broverette_description.egg-info
[1.725s] writing ../../build/broverette_description/broverette_description.egg-info/PKG-INFO
[1.725s] writing dependency_links to ../../build/broverette_description/broverette_description.egg-info/dependency_links.txt
[1.725s] writing entry points to ../../build/broverette_description/broverette_description.egg-info/entry_points.txt
[1.725s] writing requirements to ../../build/broverette_description/broverette_description.egg-info/requires.txt
[1.725s] writing top-level names to ../../build/broverette_description/broverette_description.egg-info/top_level.txt
[1.725s] writing manifest file '../../build/broverette_description/broverette_description.egg-info/SOURCES.txt'
[1.726s] reading manifest file '../../build/broverette_description/broverette_description.egg-info/SOURCES.txt'
[1.727s] writing manifest file '../../build/broverette_description/broverette_description.egg-info/SOURCES.txt'
[1.727s] running build
[1.727s] running build_py
[1.727s] creating /home/beto/broverette_nav2_ws/build/broverette_description/build
[1.727s] creating /home/beto/broverette_nav2_ws/build/broverette_description/build/lib
[1.727s] creating /home/beto/broverette_nav2_ws/build/broverette_description/build/lib/broverette_description
[1.727s] copying broverette_description/__init__.py -> /home/beto/broverette_nav2_ws/build/broverette_description/build/lib/broverette_description
[1.727s] running install
[1.727s] running install_lib
[1.728s] creating /home/beto/broverette_nav2_ws/install/broverette_description/lib/python3.10/site-packages/broverette_description
[1.728s] copying /home/beto/broverette_nav2_ws/build/broverette_description/build/lib/broverette_description/__init__.py -> /home/beto/broverette_nav2_ws/install/broverette_description/lib/python3.10/site-packages/broverette_description
[1.729s] byte-compiling /home/beto/broverette_nav2_ws/install/broverette_description/lib/python3.10/site-packages/broverette_description/__init__.py to __init__.cpython-310.pyc
[1.729s] running install_data
[1.729s] creating /home/beto/broverette_nav2_ws/install/broverette_description/share/ament_index
[1.729s] creating /home/beto/broverette_nav2_ws/install/broverette_description/share/ament_index/resource_index
[1.729s] creating /home/beto/broverette_nav2_ws/install/broverette_description/share/ament_index/resource_index/packages
[1.729s] copying resource/broverette_description -> /home/beto/broverette_nav2_ws/install/broverette_description/share/ament_index/resource_index/packages
[1.729s] copying package.xml -> /home/beto/broverette_nav2_ws/install/broverette_description/share/broverette_description
[1.729s] creating /home/beto/broverette_nav2_ws/install/broverette_description/share/broverette_description/launch
[1.729s] creating /home/beto/broverette_nav2_ws/install/broverette_description/share/broverette_description/urdf
[1.729s] copying urdf/broverette.xacro -> /home/beto/broverette_nav2_ws/install/broverette_description/share/broverette_description/urdf
[1.729s] copying urdf/broverette.urdf -> /home/beto/broverette_nav2_ws/install/broverette_description/share/broverette_description/urdf
[1.729s] creating /home/beto/broverette_nav2_ws/install/broverette_description/share/broverette_description/meshes
[1.729s] copying meshes/base_link_X3.STL -> /home/beto/broverette_nav2_ws/install/broverette_description/share/broverette_description/meshes
[1.731s] copying meshes/front_right_steer.STL -> /home/beto/broverette_nav2_ws/install/broverette_description/share/broverette_description/meshes
[1.731s] copying meshes/front_left_wheel.STL -> /home/beto/broverette_nav2_ws/install/broverette_description/share/broverette_description/meshes
[1.732s] copying meshes/front_right_wheel.STL -> /home/beto/broverette_nav2_ws/install/broverette_description/share/broverette_description/meshes
[1.733s] copying meshes/front_right_wheel_X3.STL -> /home/beto/broverette_nav2_ws/install/broverette_description/share/broverette_description/meshes
[1.734s] copying meshes/camera_link_R2.STL -> /home/beto/broverette_nav2_ws/install/broverette_description/share/broverette_description/meshes
[1.734s] copying meshes/front_left_wheel_X3.STL -> /home/beto/broverette_nav2_ws/install/broverette_description/share/broverette_description/meshes
[1.735s] copying meshes/laser_link.STL -> /home/beto/broverette_nav2_ws/install/broverette_description/share/broverette_description/meshes
[1.740s] copying meshes/back_right_link.STL -> /home/beto/broverette_nav2_ws/install/broverette_description/share/broverette_description/meshes
[1.740s] copying meshes/laser_link_R2.STL -> /home/beto/broverette_nav2_ws/install/broverette_description/share/broverette_description/meshes
[1.741s] copying meshes/camera_link.STL -> /home/beto/broverette_nav2_ws/install/broverette_description/share/broverette_description/meshes
[1.741s] copying meshes/back_right_wheel_X3.STL -> /home/beto/broverette_nav2_ws/install/broverette_description/share/broverette_description/meshes
[1.742s] copying meshes/front_left_steer.STL -> /home/beto/broverette_nav2_ws/install/broverette_description/share/broverette_description/meshes
[1.742s] copying meshes/back_left_wheel_X3.STL -> /home/beto/broverette_nav2_ws/install/broverette_description/share/broverette_description/meshes
[1.743s] copying meshes/base_link.STL -> /home/beto/broverette_nav2_ws/install/broverette_description/share/broverette_description/meshes
[1.749s] copying meshes/back_left_link.STL -> /home/beto/broverette_nav2_ws/install/broverette_description/share/broverette_description/meshes
[1.750s] creating /home/beto/broverette_nav2_ws/install/broverette_description/share/broverette_description/rviz
[1.750s] copying rviz/broverette.rviz -> /home/beto/broverette_nav2_ws/install/broverette_description/share/broverette_description/rviz
[1.750s] running install_egg_info
[1.751s] Copying ../../build/broverette_description/broverette_description.egg-info to /home/beto/broverette_nav2_ws/install/broverette_description/lib/python3.10/site-packages/broverette_description-0.0.0-py3.10.egg-info
[1.751s] running install_scripts
[1.768s] writing list of installed files to '/home/beto/broverette_nav2_ws/build/broverette_description/install.log'
[1.788s] Invoked command in '/home/beto/broverette_nav2_ws/src/broverette_description' returned '0': PYTHONPATH=/home/beto/broverette_nav2_ws/build/broverette_description/prefix_override:/usr/lib/python3/dist-packages/colcon_core/task/python/colcon_distutils_commands:/home/beto/broverette_nav2_ws/install/broverette_description/lib/python3.10/site-packages:${PYTHONPATH} /usr/bin/python3 -W ignore:setup.py install is deprecated setup.py egg_info --egg-base ../../build/broverette_description build --build-base /home/beto/broverette_nav2_ws/build/broverette_description/build install --record /home/beto/broverette_nav2_ws/build/broverette_description/install.log --single-version-externally-managed install_data
