running egg_info
creating ../../build/broverette_cam/broverette_cam.egg-info
writing ../../build/broverette_cam/broverette_cam.egg-info/PKG-INFO
writing dependency_links to ../../build/broverette_cam/broverette_cam.egg-info/dependency_links.txt
writing entry points to ../../build/broverette_cam/broverette_cam.egg-info/entry_points.txt
writing requirements to ../../build/broverette_cam/broverette_cam.egg-info/requires.txt
writing top-level names to ../../build/broverette_cam/broverette_cam.egg-info/top_level.txt
writing manifest file '../../build/broverette_cam/broverette_cam.egg-info/SOURCES.txt'
reading manifest file '../../build/broverette_cam/broverette_cam.egg-info/SOURCES.txt'
writing manifest file '../../build/broverette_cam/broverette_cam.egg-info/SOURCES.txt'
running build
running build_py
creating /home/beto/broverette_nav2_ws/build/broverette_cam/build
creating /home/beto/broverette_nav2_ws/build/broverette_cam/build/lib
creating /home/beto/broverette_nav2_ws/build/broverette_cam/build/lib/broverette_cam
copying broverette_cam/webcam_sub.py -> /home/beto/broverette_nav2_ws/build/broverette_cam/build/lib/broverette_cam
copying broverette_cam/__init__.py -> /home/beto/broverette_nav2_ws/build/broverette_cam/build/lib/broverette_cam
running install
running install_lib
creating /home/beto/broverette_nav2_ws/install/broverette_cam/lib/python3.10/site-packages/broverette_cam
copying /home/beto/broverette_nav2_ws/build/broverette_cam/build/lib/broverette_cam/webcam_sub.py -> /home/beto/broverette_nav2_ws/install/broverette_cam/lib/python3.10/site-packages/broverette_cam
copying /home/beto/broverette_nav2_ws/build/broverette_cam/build/lib/broverette_cam/__init__.py -> /home/beto/broverette_nav2_ws/install/broverette_cam/lib/python3.10/site-packages/broverette_cam
byte-compiling /home/beto/broverette_nav2_ws/install/broverette_cam/lib/python3.10/site-packages/broverette_cam/webcam_sub.py to webcam_sub.cpython-310.pyc
byte-compiling /home/beto/broverette_nav2_ws/install/broverette_cam/lib/python3.10/site-packages/broverette_cam/__init__.py to __init__.cpython-310.pyc
running install_data
creating /home/beto/broverette_nav2_ws/install/broverette_cam/share/ament_index
creating /home/beto/broverette_nav2_ws/install/broverette_cam/share/ament_index/resource_index
creating /home/beto/broverette_nav2_ws/install/broverette_cam/share/ament_index/resource_index/packages
copying resource/broverette_cam -> /home/beto/broverette_nav2_ws/install/broverette_cam/share/ament_index/resource_index/packages
copying package.xml -> /home/beto/broverette_nav2_ws/install/broverette_cam/share/broverette_cam
running install_egg_info
Copying ../../build/broverette_cam/broverette_cam.egg-info to /home/beto/broverette_nav2_ws/install/broverette_cam/lib/python3.10/site-packages/broverette_cam-0.0.0-py3.10.egg-info
running install_scripts
Installing img_subscriber script to /home/beto/broverette_nav2_ws/install/broverette_cam/lib/broverette_cam
writing list of installed files to '/home/beto/broverette_nav2_ws/build/broverette_cam/install.log'
