running egg_info
creating ../../build/broverette_joy/broverette_joy.egg-info
writing ../../build/broverette_joy/broverette_joy.egg-info/PKG-INFO
writing dependency_links to ../../build/broverette_joy/broverette_joy.egg-info/dependency_links.txt
writing entry points to ../../build/broverette_joy/broverette_joy.egg-info/entry_points.txt
writing requirements to ../../build/broverette_joy/broverette_joy.egg-info/requires.txt
writing top-level names to ../../build/broverette_joy/broverette_joy.egg-info/top_level.txt
writing manifest file '../../build/broverette_joy/broverette_joy.egg-info/SOURCES.txt'
reading manifest file '../../build/broverette_joy/broverette_joy.egg-info/SOURCES.txt'
writing manifest file '../../build/broverette_joy/broverette_joy.egg-info/SOURCES.txt'
running build
running build_py
creating /home/beto/broverette_nav2_ws/build/broverette_joy/build
creating /home/beto/broverette_nav2_ws/build/broverette_joy/build/lib
creating /home/beto/broverette_nav2_ws/build/broverette_joy/build/lib/broverette_joy
copying broverette_joy/__init__.py -> /home/beto/broverette_nav2_ws/build/broverette_joy/build/lib/broverette_joy
copying broverette_joy/ps4_controller_node.py -> /home/beto/broverette_nav2_ws/build/broverette_joy/build/lib/broverette_joy
running install
running install_lib
creating /home/beto/broverette_nav2_ws/install/broverette_joy/lib/python3.10/site-packages/broverette_joy
copying /home/beto/broverette_nav2_ws/build/broverette_joy/build/lib/broverette_joy/__init__.py -> /home/beto/broverette_nav2_ws/install/broverette_joy/lib/python3.10/site-packages/broverette_joy
copying /home/beto/broverette_nav2_ws/build/broverette_joy/build/lib/broverette_joy/ps4_controller_node.py -> /home/beto/broverette_nav2_ws/install/broverette_joy/lib/python3.10/site-packages/broverette_joy
byte-compiling /home/beto/broverette_nav2_ws/install/broverette_joy/lib/python3.10/site-packages/broverette_joy/__init__.py to __init__.cpython-310.pyc
byte-compiling /home/beto/broverette_nav2_ws/install/broverette_joy/lib/python3.10/site-packages/broverette_joy/ps4_controller_node.py to ps4_controller_node.cpython-310.pyc
running install_data
creating /home/beto/broverette_nav2_ws/install/broverette_joy/share/ament_index
creating /home/beto/broverette_nav2_ws/install/broverette_joy/share/ament_index/resource_index
creating /home/beto/broverette_nav2_ws/install/broverette_joy/share/ament_index/resource_index/packages
copying resource/broverette_joy -> /home/beto/broverette_nav2_ws/install/broverette_joy/share/ament_index/resource_index/packages
copying package.xml -> /home/beto/broverette_nav2_ws/install/broverette_joy/share/broverette_joy
running install_egg_info
Copying ../../build/broverette_joy/broverette_joy.egg-info to /home/beto/broverette_nav2_ws/install/broverette_joy/lib/python3.10/site-packages/broverette_joy-0.0.0-py3.10.egg-info
running install_scripts
Installing ps4_joy script to /home/beto/broverette_nav2_ws/install/broverette_joy/lib/broverette_joy
writing list of installed files to '/home/beto/broverette_nav2_ws/build/broverette_joy/install.log'
