[1.616s] Invoking command in '/home/beto/broverette_nav2_ws/src/broverette_joy': PYTHONPATH=/home/beto/broverette_nav2_ws/build/broverette_joy/prefix_override:/usr/lib/python3/dist-packages/colcon_core/task/python/colcon_distutils_commands:/home/beto/broverette_nav2_ws/install/broverette_joy/lib/python3.10/site-packages:${PYTHONPATH} /usr/bin/python3 -W ignore:setup.py install is deprecated setup.py egg_info --egg-base ../../build/broverette_joy build --build-base /home/beto/broverette_nav2_ws/build/broverette_joy/build install --record /home/beto/broverette_nav2_ws/build/broverette_joy/install.log --single-version-externally-managed install_data
[1.794s] running egg_info
[1.794s] creating ../../build/broverette_joy/broverette_joy.egg-info
[1.794s] writing ../../build/broverette_joy/broverette_joy.egg-info/PKG-INFO
[1.794s] writing dependency_links to ../../build/broverette_joy/broverette_joy.egg-info/dependency_links.txt
[1.794s] writing entry points to ../../build/broverette_joy/broverette_joy.egg-info/entry_points.txt
[1.794s] writing requirements to ../../build/broverette_joy/broverette_joy.egg-info/requires.txt
[1.795s] writing top-level names to ../../build/broverette_joy/broverette_joy.egg-info/top_level.txt
[1.795s] writing manifest file '../../build/broverette_joy/broverette_joy.egg-info/SOURCES.txt'
[1.796s] reading manifest file '../../build/broverette_joy/broverette_joy.egg-info/SOURCES.txt'
[1.796s] writing manifest file '../../build/broverette_joy/broverette_joy.egg-info/SOURCES.txt'
[1.796s] running build
[1.796s] running build_py
[1.796s] creating /home/beto/broverette_nav2_ws/build/broverette_joy/build
[1.796s] creating /home/beto/broverette_nav2_ws/build/broverette_joy/build/lib
[1.796s] creating /home/beto/broverette_nav2_ws/build/broverette_joy/build/lib/broverette_joy
[1.796s] copying broverette_joy/__init__.py -> /home/beto/broverette_nav2_ws/build/broverette_joy/build/lib/broverette_joy
[1.797s] copying broverette_joy/ps4_controller_node.py -> /home/beto/broverette_nav2_ws/build/broverette_joy/build/lib/broverette_joy
[1.797s] running install
[1.797s] running install_lib
[1.797s] creating /home/beto/broverette_nav2_ws/install/broverette_joy/lib/python3.10/site-packages/broverette_joy
[1.797s] copying /home/beto/broverette_nav2_ws/build/broverette_joy/build/lib/broverette_joy/__init__.py -> /home/beto/broverette_nav2_ws/install/broverette_joy/lib/python3.10/site-packages/broverette_joy
[1.797s] copying /home/beto/broverette_nav2_ws/build/broverette_joy/build/lib/broverette_joy/ps4_controller_node.py -> /home/beto/broverette_nav2_ws/install/broverette_joy/lib/python3.10/site-packages/broverette_joy
[1.798s] byte-compiling /home/beto/broverette_nav2_ws/install/broverette_joy/lib/python3.10/site-packages/broverette_joy/__init__.py to __init__.cpython-310.pyc
[1.798s] byte-compiling /home/beto/broverette_nav2_ws/install/broverette_joy/lib/python3.10/site-packages/broverette_joy/ps4_controller_node.py to ps4_controller_node.cpython-310.pyc
[1.799s] running install_data
[1.799s] creating /home/beto/broverette_nav2_ws/install/broverette_joy/share/ament_index
[1.799s] creating /home/beto/broverette_nav2_ws/install/broverette_joy/share/ament_index/resource_index
[1.799s] creating /home/beto/broverette_nav2_ws/install/broverette_joy/share/ament_index/resource_index/packages
[1.799s] copying resource/broverette_joy -> /home/beto/broverette_nav2_ws/install/broverette_joy/share/ament_index/resource_index/packages
[1.799s] copying package.xml -> /home/beto/broverette_nav2_ws/install/broverette_joy/share/broverette_joy
[1.799s] running install_egg_info
[1.801s] Copying ../../build/broverette_joy/broverette_joy.egg-info to /home/beto/broverette_nav2_ws/install/broverette_joy/lib/python3.10/site-packages/broverette_joy-0.0.0-py3.10.egg-info
[1.801s] running install_scripts
[1.817s] Installing ps4_joy script to /home/beto/broverette_nav2_ws/install/broverette_joy/lib/broverette_joy
[1.817s] writing list of installed files to '/home/beto/broverette_nav2_ws/build/broverette_joy/install.log'
[1.836s] Invoked command in '/home/beto/broverette_nav2_ws/src/broverette_joy' returned '0': PYTHONPATH=/home/beto/broverette_nav2_ws/build/broverette_joy/prefix_override:/usr/lib/python3/dist-packages/colcon_core/task/python/colcon_distutils_commands:/home/beto/broverette_nav2_ws/install/broverette_joy/lib/python3.10/site-packages:${PYTHONPATH} /usr/bin/python3 -W ignore:setup.py install is deprecated setup.py egg_info --egg-base ../../build/broverette_joy build --build-base /home/beto/broverette_nav2_ws/build/broverette_joy/build install --record /home/beto/broverette_nav2_ws/build/broverette_joy/install.log --single-version-externally-managed install_data
