running egg_info
creating ../../build/broverette_slam/broverette_slam.egg-info
writing ../../build/broverette_slam/broverette_slam.egg-info/PKG-INFO
writing dependency_links to ../../build/broverette_slam/broverette_slam.egg-info/dependency_links.txt
writing entry points to ../../build/broverette_slam/broverette_slam.egg-info/entry_points.txt
writing requirements to ../../build/broverette_slam/broverette_slam.egg-info/requires.txt
writing top-level names to ../../build/broverette_slam/broverette_slam.egg-info/top_level.txt
writing manifest file '../../build/broverette_slam/broverette_slam.egg-info/SOURCES.txt'
reading manifest file '../../build/broverette_slam/broverette_slam.egg-info/SOURCES.txt'
writing manifest file '../../build/broverette_slam/broverette_slam.egg-info/SOURCES.txt'
running build
running build_py
creating /home/beto/broverette_nav2_ws/build/broverette_slam/build
creating /home/beto/broverette_nav2_ws/build/broverette_slam/build/lib
creating /home/beto/broverette_nav2_ws/build/broverette_slam/build/lib/broverette_slam
copying broverette_slam/__init__.py -> /home/beto/broverette_nav2_ws/build/broverette_slam/build/lib/broverette_slam
running install
running install_lib
creating /home/beto/broverette_nav2_ws/install/broverette_slam/lib/python3.10/site-packages/broverette_slam
copying /home/beto/broverette_nav2_ws/build/broverette_slam/build/lib/broverette_slam/__init__.py -> /home/beto/broverette_nav2_ws/install/broverette_slam/lib/python3.10/site-packages/broverette_slam
byte-compiling /home/beto/broverette_nav2_ws/install/broverette_slam/lib/python3.10/site-packages/broverette_slam/__init__.py to __init__.cpython-310.pyc
running install_data
creating /home/beto/broverette_nav2_ws/install/broverette_slam/share/ament_index
creating /home/beto/broverette_nav2_ws/install/broverette_slam/share/ament_index/resource_index
creating /home/beto/broverette_nav2_ws/install/broverette_slam/share/ament_index/resource_index/packages
copying resource/broverette_slam -> /home/beto/broverette_nav2_ws/install/broverette_slam/share/ament_index/resource_index/packages
copying package.xml -> /home/beto/broverette_nav2_ws/install/broverette_slam/share/broverette_slam
creating /home/beto/broverette_nav2_ws/install/broverette_slam/share/broverette_slam/launch
copying launch/slam_launch.py -> /home/beto/broverette_nav2_ws/install/broverette_slam/share/broverette_slam/launch
running install_egg_info
Copying ../../build/broverette_slam/broverette_slam.egg-info to /home/beto/broverette_nav2_ws/install/broverette_slam/lib/python3.10/site-packages/broverette_slam-0.0.0-py3.10.egg-info
running install_scripts
writing list of installed files to '/home/beto/broverette_nav2_ws/build/broverette_slam/install.log'
