[1.559s] Invoking command in '/home/beto/broverette_nav2_ws/src/broverette_slam': PYTHONPATH=/home/beto/broverette_nav2_ws/build/broverette_slam/prefix_override:/usr/lib/python3/dist-packages/colcon_core/task/python/colcon_distutils_commands:/home/beto/broverette_nav2_ws/install/broverette_slam/lib/python3.10/site-packages:${PYTHONPATH} /usr/bin/python3 -W ignore:setup.py install is deprecated setup.py egg_info --egg-base ../../build/broverette_slam build --build-base /home/beto/broverette_nav2_ws/build/broverette_slam/build install --record /home/beto/broverette_nav2_ws/build/broverette_slam/install.log --single-version-externally-managed install_data
[1.770s] running egg_info
[1.770s] creating ../../build/broverette_slam/broverette_slam.egg-info
[1.770s] writing ../../build/broverette_slam/broverette_slam.egg-info/PKG-INFO
[1.771s] writing dependency_links to ../../build/broverette_slam/broverette_slam.egg-info/dependency_links.txt
[1.771s] writing entry points to ../../build/broverette_slam/broverette_slam.egg-info/entry_points.txt
[1.771s] writing requirements to ../../build/broverette_slam/broverette_slam.egg-info/requires.txt
[1.771s] writing top-level names to ../../build/broverette_slam/broverette_slam.egg-info/top_level.txt
[1.771s] writing manifest file '../../build/broverette_slam/broverette_slam.egg-info/SOURCES.txt'
[1.772s] reading manifest file '../../build/broverette_slam/broverette_slam.egg-info/SOURCES.txt'
[1.773s] writing manifest file '../../build/broverette_slam/broverette_slam.egg-info/SOURCES.txt'
[1.773s] running build
[1.773s] running build_py
[1.773s] creating /home/beto/broverette_nav2_ws/build/broverette_slam/build
[1.773s] creating /home/beto/broverette_nav2_ws/build/broverette_slam/build/lib
[1.773s] creating /home/beto/broverette_nav2_ws/build/broverette_slam/build/lib/broverette_slam
[1.773s] copying broverette_slam/__init__.py -> /home/beto/broverette_nav2_ws/build/broverette_slam/build/lib/broverette_slam
[1.773s] running install
[1.774s] running install_lib
[1.775s] creating /home/beto/broverette_nav2_ws/install/broverette_slam/lib/python3.10/site-packages/broverette_slam
[1.775s] copying /home/beto/broverette_nav2_ws/build/broverette_slam/build/lib/broverette_slam/__init__.py -> /home/beto/broverette_nav2_ws/install/broverette_slam/lib/python3.10/site-packages/broverette_slam
[1.775s] byte-compiling /home/beto/broverette_nav2_ws/install/broverette_slam/lib/python3.10/site-packages/broverette_slam/__init__.py to __init__.cpython-310.pyc
[1.775s] running install_data
[1.775s] creating /home/beto/broverette_nav2_ws/install/broverette_slam/share/ament_index
[1.775s] creating /home/beto/broverette_nav2_ws/install/broverette_slam/share/ament_index/resource_index
[1.775s] creating /home/beto/broverette_nav2_ws/install/broverette_slam/share/ament_index/resource_index/packages
[1.775s] copying resource/broverette_slam -> /home/beto/broverette_nav2_ws/install/broverette_slam/share/ament_index/resource_index/packages
[1.775s] copying package.xml -> /home/beto/broverette_nav2_ws/install/broverette_slam/share/broverette_slam
[1.775s] creating /home/beto/broverette_nav2_ws/install/broverette_slam/share/broverette_slam/launch
[1.775s] copying launch/slam_launch.py -> /home/beto/broverette_nav2_ws/install/broverette_slam/share/broverette_slam/launch
[1.775s] running install_egg_info
[1.777s] Copying ../../build/broverette_slam/broverette_slam.egg-info to /home/beto/broverette_nav2_ws/install/broverette_slam/lib/python3.10/site-packages/broverette_slam-0.0.0-py3.10.egg-info
[1.778s] running install_scripts
[1.800s] writing list of installed files to '/home/beto/broverette_nav2_ws/build/broverette_slam/install.log'
[1.837s] Invoked command in '/home/beto/broverette_nav2_ws/src/broverette_slam' returned '0': PYTHONPATH=/home/beto/broverette_nav2_ws/build/broverette_slam/prefix_override:/usr/lib/python3/dist-packages/colcon_core/task/python/colcon_distutils_commands:/home/beto/broverette_nav2_ws/install/broverette_slam/lib/python3.10/site-packages:${PYTHONPATH} /usr/bin/python3 -W ignore:setup.py install is deprecated setup.py egg_info --egg-base ../../build/broverette_slam build --build-base /home/beto/broverette_nav2_ws/build/broverette_slam/build install --record /home/beto/broverette_nav2_ws/build/broverette_slam/install.log --single-version-externally-managed install_data
