running egg_info
creating ../../build/broverette_nav2_bringup/broverette_nav2_bringup.egg-info
writing ../../build/broverette_nav2_bringup/broverette_nav2_bringup.egg-info/PKG-INFO
writing dependency_links to ../../build/broverette_nav2_bringup/broverette_nav2_bringup.egg-info/dependency_links.txt
writing entry points to ../../build/broverette_nav2_bringup/broverette_nav2_bringup.egg-info/entry_points.txt
writing requirements to ../../build/broverette_nav2_bringup/broverette_nav2_bringup.egg-info/requires.txt
writing top-level names to ../../build/broverette_nav2_bringup/broverette_nav2_bringup.egg-info/top_level.txt
writing manifest file '../../build/broverette_nav2_bringup/broverette_nav2_bringup.egg-info/SOURCES.txt'
reading manifest file '../../build/broverette_nav2_bringup/broverette_nav2_bringup.egg-info/SOURCES.txt'
writing manifest file '../../build/broverette_nav2_bringup/broverette_nav2_bringup.egg-info/SOURCES.txt'
running build
running build_py
creating /home/beto/broverette_nav2_ws/build/broverette_nav2_bringup/build
creating /home/beto/broverette_nav2_ws/build/broverette_nav2_bringup/build/lib
creating /home/beto/broverette_nav2_ws/build/broverette_nav2_bringup/build/lib/broverette_nav2_bringup
copying broverette_nav2_bringup/__init__.py -> /home/beto/broverette_nav2_ws/build/broverette_nav2_bringup/build/lib/broverette_nav2_bringup
running install
running install_lib
creating /home/beto/broverette_nav2_ws/install/broverette_nav2_bringup/lib/python3.10/site-packages/broverette_nav2_bringup
copying /home/beto/broverette_nav2_ws/build/broverette_nav2_bringup/build/lib/broverette_nav2_bringup/__init__.py -> /home/beto/broverette_nav2_ws/install/broverette_nav2_bringup/lib/python3.10/site-packages/broverette_nav2_bringup
byte-compiling /home/beto/broverette_nav2_ws/install/broverette_nav2_bringup/lib/python3.10/site-packages/broverette_nav2_bringup/__init__.py to __init__.cpython-310.pyc
running install_data
creating /home/beto/broverette_nav2_ws/install/broverette_nav2_bringup/share/ament_index
creating /home/beto/broverette_nav2_ws/install/broverette_nav2_bringup/share/ament_index/resource_index
creating /home/beto/broverette_nav2_ws/install/broverette_nav2_bringup/share/ament_index/resource_index/packages
copying resource/broverette_nav2_bringup -> /home/beto/broverette_nav2_ws/install/broverette_nav2_bringup/share/ament_index/resource_index/packages
copying package.xml -> /home/beto/broverette_nav2_ws/install/broverette_nav2_bringup/share/broverette_nav2_bringup
creating /home/beto/broverette_nav2_ws/install/broverette_nav2_bringup/share/broverette_nav2_bringup/launch
copying launch/navigation_launch.py -> /home/beto/broverette_nav2_ws/install/broverette_nav2_bringup/share/broverette_nav2_bringup/launch
copying launch/online_async_launch.py -> /home/beto/broverette_nav2_ws/install/broverette_nav2_bringup/share/broverette_nav2_bringup/launch
copying launch/localization_launch.py -> /home/beto/broverette_nav2_ws/install/broverette_nav2_bringup/share/broverette_nav2_bringup/launch
creating /home/beto/broverette_nav2_ws/install/broverette_nav2_bringup/share/broverette_nav2_bringup/config
copying config/nav2_params.yaml -> /home/beto/broverette_nav2_ws/install/broverette_nav2_bringup/share/broverette_nav2_bringup/config
creating /home/beto/broverette_nav2_ws/install/broverette_nav2_bringup/share/broverette_nav2_bringup/maps
copying maps/map.yaml -> /home/beto/broverette_nav2_ws/install/broverette_nav2_bringup/share/broverette_nav2_bringup/maps
copying maps/map.pgm -> /home/beto/broverette_nav2_ws/install/broverette_nav2_bringup/share/broverette_nav2_bringup/maps
running install_egg_info
Copying ../../build/broverette_nav2_bringup/broverette_nav2_bringup.egg-info to /home/beto/broverette_nav2_ws/install/broverette_nav2_bringup/lib/python3.10/site-packages/broverette_nav2_bringup-0.0.0-py3.10.egg-info
running install_scripts
writing list of installed files to '/home/beto/broverette_nav2_ws/build/broverette_nav2_bringup/install.log'
