/home/beto/broverette_nav2_ws/install/broverette_description/lib/python3.10/site-packages/broverette_description/__init__.py
/home/beto/broverette_nav2_ws/install/broverette_description/lib/python3.10/site-packages/broverette_description/__pycache__/__init__.cpython-310.pyc
/home/beto/broverette_nav2_ws/install/broverette_description/share/ament_index/resource_index/packages/broverette_description
/home/beto/broverette_nav2_ws/install/broverette_description/share/broverette_description/package.xml
/home/beto/broverette_nav2_ws/install/broverette_description/share/broverette_description/launch
/home/beto/broverette_nav2_ws/install/broverette_description/share/broverette_description/urdf/broverette.xacro
/home/beto/broverette_nav2_ws/install/broverette_description/share/broverette_description/urdf/broverette.urdf
/home/beto/broverette_nav2_ws/install/broverette_description/share/broverette_description/meshes/base_link_X3.STL
/home/beto/broverette_nav2_ws/install/broverette_description/share/broverette_description/meshes/front_right_steer.STL
/home/beto/broverette_nav2_ws/install/broverette_description/share/broverette_description/meshes/front_left_wheel.STL
/home/beto/broverette_nav2_ws/install/broverette_description/share/broverette_description/meshes/front_right_wheel.STL
/home/beto/broverette_nav2_ws/install/broverette_description/share/broverette_description/meshes/front_right_wheel_X3.STL
/home/beto/broverette_nav2_ws/install/broverette_description/share/broverette_description/meshes/camera_link_R2.STL
/home/beto/broverette_nav2_ws/install/broverette_description/share/broverette_description/meshes/front_left_wheel_X3.STL
/home/beto/broverette_nav2_ws/install/broverette_description/share/broverette_description/meshes/laser_link.STL
/home/beto/broverette_nav2_ws/install/broverette_description/share/broverette_description/meshes/back_right_link.STL
/home/beto/broverette_nav2_ws/install/broverette_description/share/broverette_description/meshes/laser_link_R2.STL
/home/beto/broverette_nav2_ws/install/broverette_description/share/broverette_description/meshes/camera_link.STL
/home/beto/broverette_nav2_ws/install/broverette_description/share/broverette_description/meshes/back_right_wheel_X3.STL
/home/beto/broverette_nav2_ws/install/broverette_description/share/broverette_description/meshes/front_left_steer.STL
/home/beto/broverette_nav2_ws/install/broverette_description/share/broverette_description/meshes/back_left_wheel_X3.STL
/home/beto/broverette_nav2_ws/install/broverette_description/share/broverette_description/meshes/base_link.STL
/home/beto/broverette_nav2_ws/install/broverette_description/share/broverette_description/meshes/back_left_link.STL
/home/beto/broverette_nav2_ws/install/broverette_description/share/broverette_description/rviz/broverette.rviz
/home/beto/broverette_nav2_ws/install/broverette_description/lib/python3.10/site-packages/broverette_description-0.0.0-py3.10.egg-info/PKG-INFO
/home/beto/broverette_nav2_ws/install/broverette_description/lib/python3.10/site-packages/broverette_description-0.0.0-py3.10.egg-info/zip-safe
/home/beto/broverette_nav2_ws/install/broverette_description/lib/python3.10/site-packages/broverette_description-0.0.0-py3.10.egg-info/SOURCES.txt
/home/beto/broverette_nav2_ws/install/broverette_description/lib/python3.10/site-packages/broverette_description-0.0.0-py3.10.egg-info/dependency_links.txt
/home/beto/broverette_nav2_ws/install/broverette_description/lib/python3.10/site-packages/broverette_description-0.0.0-py3.10.egg-info/requires.txt
/home/beto/broverette_nav2_ws/install/broverette_description/lib/python3.10/site-packages/broverette_description-0.0.0-py3.10.egg-info/entry_points.txt
/home/beto/broverette_nav2_ws/install/broverette_description/lib/python3.10/site-packages/broverette_description-0.0.0-py3.10.egg-info/top_level.txt
